<?xml version="1.0" encoding="UTF-8"?>
<!-- Generated by org.testng.reporters.JUnitXMLReporter -->
<testsuite hostname="C40SF46MALBERT" ignored="0" name="Testing" tests="4" failures="0" timestamp="11 Jan 2019 12:08:16 GMT" time="8.849" errors="0">
  <testcase name="f1" time="3.858" classname="TestingThings.IERun"/>
  <testcase name="f2" time="4.869" classname="TestingThings.IERun"/>
  <testcase name="f2" time="7.451" classname="TestingThings.ChromeRun"/>
  <testcase name="f1" time="8.827" classname="TestingThings.ChromeRun"/>
</testsuite> <!-- Testing -->
