<?xml version="1.0" encoding="UTF-8"?>
<!-- Generated by org.testng.reporters.JUnitXMLReporter -->
<testsuite hostname="C40SF46MALBERT" ignored="2" name="Driver Test" tests="1" failures="1" timestamp="10 Dec 2018 07:49:09 GMT" time="86.305" errors="0">
  <testcase name="editDriver" time="76.789" classname="com.mal.scripts.Drivers">
    <failure type="org.openqa.selenium.TimeoutException" message="Expected condition failed: waiting for visibility of element located by By.xpath: .//*[@id=&amp;apos;costCentreCode_panel&amp;apos;]/div/ul/li[contains(text(),&amp;apos;959-959&amp;apos;)] (tried for 10 second(s) with 500 milliseconds interval)">
      <![CDATA[org.openqa.selenium.TimeoutException: Expected condition failed: waiting for visibility of element located by By.xpath: .//*[@id='costCentreCode_panel']/div/ul/li[contains(text(),'959-959')] (tried for 10 second(s) with 500 milliseconds interval)
at org.openqa.selenium.support.ui.WebDriverWait.timeoutException(WebDriverWait.java:81)
at org.openqa.selenium.support.ui.FluentWait.until(FluentWait.java:271)
at com.mal.commonPageObjects.WebElements.byXpath(WebElements.java:24)
at com.mal.pageObjects.DriversPageObjects.lstCostCenter(DriversPageObjects.java:73)
at com.mal.commonModule.DriversModule.editDriver(DriversModule.java:74)
at com.mal.scripts.Drivers.editDriver(Drivers.java:20)
Caused by: org.openqa.selenium.NoSuchElementException: Cannot locate an element using By.xpath: .//*[@id='costCentreCode_panel']/div/ul/li[contains(text(),'959-959')]
For documentation on this error, please visit: http://seleniumhq.org/exceptions/no_such_element.html
Build info: version: '3.12.0', revision: '7c6e0b3', time: '2018-05-08T15:15:03.216Z'
System info: host: 'C40SF46MALBERT', ip: '172.16.201.136', os.name: 'Windows 10', os.arch: 'amd64', os.version: '10.0', java.version: '1.8.0_60'
Driver info: driver.version: unknown
at org.openqa.selenium.support.ui.ExpectedConditions.lambda$findElement$0(ExpectedConditions.java:896)
at java.util.Optional.orElseThrow(Optional.java:290)
at org.openqa.selenium.support.ui.ExpectedConditions.findElement(ExpectedConditions.java:895)
at org.openqa.selenium.support.ui.ExpectedConditions.access$000(ExpectedConditions.java:44)
at org.openqa.selenium.support.ui.ExpectedConditions$7.apply(ExpectedConditions.java:206)
at org.openqa.selenium.support.ui.ExpectedConditions$7.apply(ExpectedConditions.java:202)
at org.openqa.selenium.support.ui.FluentWait.until(FluentWait.java:248)
... 29 more
... Removed 25 stack frames]]>
    </failure>
  </testcase> <!-- editDriver -->
  <testcase name="addDriver" time="0.0" classname="com.mal.scripts.Drivers">
    <ignored/>
  </testcase> <!-- addDriver -->
  <testcase name="viewDriver" time="0.0" classname="com.mal.scripts.Drivers">
    <ignored/>
  </testcase> <!-- viewDriver -->
</testsuite> <!-- Driver Test -->
