<?xml version="1.0" encoding="UTF-8"?>
<testng-results skipped="0" failed="0" ignored="0" total="4" passed="4">
  <reporter-output>
  </reporter-output>
  <suite name="Testing" duration-ms="8849" started-at="2019-01-11T12:08:07Z" finished-at="2019-01-11T12:08:16Z">
    <groups>
    </groups>
    <test name="Testing" duration-ms="8849" started-at="2019-01-11T12:08:07Z" finished-at="2019-01-11T12:08:16Z">
      <class name="TestingThings.IERun">
        <test-method status="PASS" signature="f2()[pri:0, instance:TestingThings.IERun@6093dd95]" name="f2" duration-ms="4869" started-at="2019-01-11T12:08:07Z" finished-at="2019-01-11T12:08:12Z">
          <reporter-output>
          </reporter-output>
        </test-method> <!-- f2 -->
        <test-method status="PASS" signature="f1()[pri:0, instance:TestingThings.IERun@6093dd95]" name="f1" duration-ms="3858" started-at="2019-01-11T12:08:07Z" finished-at="2019-01-11T12:08:11Z">
          <reporter-output>
          </reporter-output>
        </test-method> <!-- f1 -->
      </class> <!-- TestingThings.IERun -->
      <class name="TestingThings.ChromeRun">
        <test-method status="PASS" signature="f2()[pri:0, instance:TestingThings.ChromeRun@5622fdf]" name="f2" duration-ms="7451" started-at="2019-01-11T12:08:07Z" finished-at="2019-01-11T12:08:15Z">
          <reporter-output>
          </reporter-output>
        </test-method> <!-- f2 -->
        <test-method status="PASS" signature="f1()[pri:0, instance:TestingThings.ChromeRun@5622fdf]" name="f1" duration-ms="8827" started-at="2019-01-11T12:08:07Z" finished-at="2019-01-11T12:08:16Z">
          <reporter-output>
          </reporter-output>
        </test-method> <!-- f1 -->
      </class> <!-- TestingThings.ChromeRun -->
    </test> <!-- Testing -->
  </suite> <!-- Testing -->
</testng-results>
